2022-02-20 17:29:40: 
Training on Fold 1 and using resnext50_32x4d

2022-02-20 17:29:42: 
[RESULT]: Train. Epoch 1:
Avg Train Summary Loss: 1.667                
Learning Rate: 0.00010
Time Elapsed: 00:00:01

2022-02-20 17:29:43: 
[RESULT]: Validation. Epoch 1
Avg Val Summary Loss: 1.623                
Avg Val Accuracy: 0.188
Avg Val Macro AUROC: 0.279                
Time Elapsed: 00:00:00

2022-02-20 17:29:43: 
Validation valid_macro_auroc improved from -inf to 0.1875
2022-02-20 17:29:43: 
Saving model with best valid valid_macro_auroc score: 0.1875
2022-02-20 17:30:26: 
Training on Fold 2 and using resnext50_32x4d

2022-02-20 17:30:28: 
[RESULT]: Train. Epoch 1:
Avg Train Summary Loss: 1.550                
Learning Rate: 0.00010
Time Elapsed: 00:00:01

2022-02-20 17:30:28: 
[RESULT]: Validation. Epoch 1
Avg Val Summary Loss: 1.569                
Avg Val Accuracy: 0.312
Avg Val Macro AUROC: 0.417                
Time Elapsed: 00:00:00

2022-02-20 17:30:28: 
Validation valid_macro_auroc improved from -inf to 0.3125
2022-02-20 17:30:29: 
Saving model with best valid valid_macro_auroc score: 0.3125
2022-02-20 17:32:17: 
Training on Fold 3 and using resnext50_32x4d

2022-02-20 17:32:19: 
[RESULT]: Train. Epoch 1:
Avg Train Summary Loss: 1.568                
Learning Rate: 0.00010
Time Elapsed: 00:00:01

2022-02-20 17:32:19: 
[RESULT]: Validation. Epoch 1
Avg Val Summary Loss: 1.520                
Avg Val Accuracy: 0.625
Avg Val Macro AUROC: 0.252                
Time Elapsed: 00:00:00

2022-02-20 17:32:19: 
Validation valid_macro_auroc improved from -inf to 0.625
2022-02-20 17:32:20: 
Saving model with best valid valid_macro_auroc score: 0.625
2022-02-20 17:33:00: 
Training on Fold 4 and using resnext50_32x4d

2022-02-20 17:33:01: 
[RESULT]: Train. Epoch 1:
Avg Train Summary Loss: 1.595                
Learning Rate: 0.00010
Time Elapsed: 00:00:01

2022-02-20 17:33:02: 
[RESULT]: Validation. Epoch 1
Avg Val Summary Loss: 1.587                
Avg Val Accuracy: 0.312
Avg Val Macro AUROC: 0.416                
Time Elapsed: 00:00:00

2022-02-20 17:33:02: 
Validation valid_macro_auroc improved from -inf to 0.3125
2022-02-20 17:33:02: 
Saving model with best valid valid_macro_auroc score: 0.3125
2022-02-20 17:33:41: 
Training on Fold 5 and using resnext50_32x4d

2022-02-20 17:33:43: 
[RESULT]: Train. Epoch 1:
Avg Train Summary Loss: 1.580                
Learning Rate: 0.00010
Time Elapsed: 00:00:01

2022-02-20 17:33:43: 
[RESULT]: Validation. Epoch 1
Avg Val Summary Loss: 1.569                
Avg Val Accuracy: 0.312
Avg Val Macro AUROC: 0.473                
Time Elapsed: 00:00:00

2022-02-20 17:33:43: 
Validation valid_macro_auroc improved from -inf to 0.3125
2022-02-20 17:33:44: 
Saving model with best valid valid_macro_auroc score: 0.3125
